Using pre-set license
Built from '2020.3/release' branch; Version is '2020.3.12f1 (b3b2c6512326) revision 11776710'; Using compiler version '192528614'; Build Type 'Release'
OS: 'Windows 10 Home; OS build 19042.1052; Version 2009; 64bit' Language: 'en' Physical Memory: 8108 MB
BatchMode: 1, IsHumanControllingUs: 0, StartBugReporterOnCrash: 0, Is64bit: 1, IsPro: 0

 COMMAND LINE ARGUMENTS:
C:\Program Files\Unity\Hub\Editor\2020.3.12f1\Editor\Unity.exe
-adb2
-batchMode
-noUpm
-name
AssetImportWorker0
-projectPath
C:/Users/Janka/Unity/mmp
-logFile
Logs/AssetImportWorker0.log
-srvPort
49687
Successfully changed project path to: C:/Users/Janka/Unity/mmp
C:/Users/Janka/Unity/mmp
Using Asset Import Pipeline V2.
Refreshing native plugins compatible for Editor in 162.63 ms, found 3 plugins.
Preloading 0 native plugins for Editor in 0.00 ms.
Initialize engine version: 2020.3.12f1 (b3b2c6512326)
[Subsystems] Discovering subsystems at path C:/Program Files/Unity/Hub/Editor/2020.3.12f1/Editor/Data/Resources/UnitySubsystems
[Subsystems] Discovering subsystems at path C:/Users/Janka/Unity/mmp/Assets
GfxDevice: creating device client; threaded=0
Direct3D:
    Version:  Direct3D 11.0 [level 11.1]
    Renderer: Intel(R) UHD Graphics 620 (ID=0x5917)
    Vendor:   
    VRAM:     4054 MB
    Driver:   27.20.100.8681
Initialize mono
Mono path[0] = 'C:/Program Files/Unity/Hub/Editor/2020.3.12f1/Editor/Data/Managed'
Mono path[1] = 'C:/Program Files/Unity/Hub/Editor/2020.3.12f1/Editor/Data/MonoBleedingEdge/lib/mono/unityjit'
Mono config path = 'C:/Program Files/Unity/Hub/Editor/2020.3.12f1/Editor/Data/MonoBleedingEdge/etc'
Using monoOptions --debugger-agent=transport=dt_socket,embedding=1,server=y,suspend=n,address=127.0.0.1:56476
Begin MonoManager ReloadAssembly
Registering precompiled unity dll's ...
Register platform support module: C:/Program Files/Unity/Hub/Editor/2020.3.12f1/Editor/Data/PlaybackEngines/WebGLSupport/UnityEditor.WebGL.Extensions.dll
Register platform support module: C:/Program Files/Unity/Hub/Editor/2020.3.12f1/Editor/Data/PlaybackEngines/WindowsStandaloneSupport/UnityEditor.WindowsStandalone.Extensions.dll
Registered in 0.005941 seconds.
Native extension for WindowsStandalone target not found
Native extension for WebGL target not found
Refreshing native plugins compatible for Editor in 162.47 ms, found 3 plugins.
Preloading 0 native plugins for Editor in 0.00 ms.
Mono: successfully reloaded assembly
- Completed reload, in  6.323 seconds
Platform modules already initialized, skipping
Registering precompiled user dll's ...
Registered in 0.012594 seconds.
Begin MonoManager ReloadAssembly
Native extension for WindowsStandalone target not found
Native extension for WebGL target not found
Refreshing native plugins compatible for Editor in 169.01 ms, found 3 plugins.
Preloading 0 native plugins for Editor in 0.00 ms.
Mono: successfully reloaded assembly
- Completed reload, in  3.587 seconds
Platform modules already initialized, skipping
========================================================================
Worker process is ready to serve import requests
Launched and connected shader compiler UnityShaderCompiler.exe after 0.15 seconds
Refreshing native plugins compatible for Editor in 1.38 ms, found 3 plugins.
Preloading 0 native plugins for Editor in 0.00 ms.
Unloading 2087 Unused Serialized files (Serialized files now loaded: 0)
System memory in use before: 93.1 MB.
System memory in use after: 93.0 MB.

Unloading 33 unused Assets to reduce memory usage. Loaded Objects now: 2522.
Total: 9.278200 ms (FindLiveObjects: 0.603500 ms CreateObjectMapping: 0.321300 ms MarkObjects: 7.896100 ms  DeleteObjects: 0.453200 ms)

AssetImportParameters requested are different than current active one (requested -> active):
  custom:framework-win-MediaFoundation: 216162199b28c13a410421893ffa2e32 -> 
  custom:video-decoder-ogg-theora: a1e56fd34408186e4bbccfd4996cb3dc -> 
  custom:container-muxer-webm: aa71ff27fc2769a1b78a27578f13a17b -> 
  custom:container-demuxer-webm: 4f35f7cbe854078d1ac9338744f61a02 -> 
  custom:container-demuxer-ogg: 62fdf1f143b41e24485cea50d1cbac27 -> 
  custom:video-encoder-webm-vp8: eb34c28f22e8b96e1ab97ce403110664 -> 
  custom:video-codec-MediaFoundation-h265: 746d11721c4dcdbdad8f713fa42b33f4 -> 
  custom:video-decoder-webm-vp8: 9c59270c3fd7afecdb556c50c9e8de78 -> 
  custom:audio-decoder-ogg-vorbis: bf7c407c2cedff20999df2af8eb42d56 -> 
  custom:audio-encoder-webm-vorbis: bf7c407c2cedff20999df2af8eb42d56 -> 
========================================================================
Received Import Request.
  path: Assets/Levels
  artifactKey: Guid(957509ae64a27f443b0569c2ac8d2ec9) Importer(815301076,1909f56bfc062723c751e8b465ee728b)
Start importing Assets/Levels using Guid(957509ae64a27f443b0569c2ac8d2ec9) Importer(815301076,1909f56bfc062723c751e8b465ee728b)  -> (artifact id: 'f6d980c3d2c52369dcfa053c1ee09c09') in 0.043434 seconds 
  Import took 0.060324 seconds .

========================================================================
Received Import Request.
  Time since last request: 6.917987 seconds.
  path: Assets/Menu Screen
  artifactKey: Guid(334540d58686f3346a1ab6894500d2a2) Importer(815301076,1909f56bfc062723c751e8b465ee728b)
Start importing Assets/Menu Screen using Guid(334540d58686f3346a1ab6894500d2a2) Importer(815301076,1909f56bfc062723c751e8b465ee728b)  -> (artifact id: 'c1d44847ad17be1cfef92372ed70cafe') in 0.019357 seconds 
  Import took 0.028642 seconds .

========================================================================
Received Import Request.
  Time since last request: 15.363286 seconds.
  path: Assets/Menu Screen/Start Menu.unity
  artifactKey: Guid(5f8933d2b0d4828469e4c05b9df2399b) Importer(815301076,1909f56bfc062723c751e8b465ee728b)
Start importing Assets/Menu Screen/Start Menu.unity using Guid(5f8933d2b0d4828469e4c05b9df2399b) Importer(815301076,1909f56bfc062723c751e8b465ee728b)  -> (artifact id: 'dbf7b4d85c088264faeb406c8e361a92') in 0.060307 seconds 
  Import took 0.078535 seconds .

========================================================================
Received Import Request.
  Time since last request: 4084.066794 seconds.
  path: Assets/Fonts/background-marek-piwnicki-4kHVKkdcTDU-unsplash.jpg
  artifactKey: Guid(0d9303fcc0ace8f429465d401d5e92fc) Importer(815301076,1909f56bfc062723c751e8b465ee728b)
Start importing Assets/Fonts/background-marek-piwnicki-4kHVKkdcTDU-unsplash.jpg using Guid(0d9303fcc0ace8f429465d401d5e92fc) Importer(815301076,1909f56bfc062723c751e8b465ee728b)  -> (artifact id: 'edbfa6d8bf7619b57c6645700c883349') in 0.474465 seconds 
  Import took 0.493319 seconds .

========================================================================
Received Import Request.
  Time since last request: 453.503288 seconds.
  path: ProjectSettings/TagManager.asset
  artifactKey: Guid(00000000000000003000000000000000) Importer(815301076,1909f56bfc062723c751e8b465ee728b)
Start importing ProjectSettings/TagManager.asset using Guid(00000000000000003000000000000000) Importer(815301076,1909f56bfc062723c751e8b465ee728b)  -> (artifact id: '17cb8853d320ac35e78376e9181321e9') in 0.049460 seconds 
  Import took 0.069305 seconds .

========================================================================
Received Import Request.
  Time since last request: 0.007032 seconds.
  path: ProjectSettings/TagManager.asset
  artifactKey: Guid(00000000000000003000000000000000) Importer(815301076,1909f56bfc062723c751e8b465ee728b)
Start importing ProjectSettings/TagManager.asset using Guid(00000000000000003000000000000000) Importer(815301076,1909f56bfc062723c751e8b465ee728b)  -> (artifact id: '17cb8853d320ac35e78376e9181321e9') in 0.012763 seconds 
  Import took 0.029184 seconds .

========================================================================
Received Import Request.
  Time since last request: 300.087365 seconds.
  path: Assets/Fonts
  artifactKey: Guid(9a970323f2e61ea45b7f9a8a7cc526a0) Importer(815301076,1909f56bfc062723c751e8b465ee728b)
Start importing Assets/Fonts using Guid(9a970323f2e61ea45b7f9a8a7cc526a0) Importer(815301076,1909f56bfc062723c751e8b465ee728b)  -> (artifact id: 'c94f9ed45e7997f84c1b3cfaf4294b26') in 0.028949 seconds 
  Import took 0.043562 seconds .

========================================================================
Received Import Request.
  Time since last request: 0.011645 seconds.
  path: Assets/Fonts
  artifactKey: Guid(9a970323f2e61ea45b7f9a8a7cc526a0) Importer(815301076,1909f56bfc062723c751e8b465ee728b)
Start importing Assets/Fonts using Guid(9a970323f2e61ea45b7f9a8a7cc526a0) Importer(815301076,1909f56bfc062723c751e8b465ee728b)  -> (artifact id: 'c94f9ed45e7997f84c1b3cfaf4294b26') in 0.008437 seconds 
  Import took 0.020472 seconds .

========================================================================
Received Import Request.
  Time since last request: 1.130416 seconds.
  path: Assets/Fonts/Thaleah_PixelFont
  artifactKey: Guid(70f9249191579ef42ad4810792eac807) Importer(815301076,1909f56bfc062723c751e8b465ee728b)
Start importing Assets/Fonts/Thaleah_PixelFont using Guid(70f9249191579ef42ad4810792eac807) Importer(815301076,1909f56bfc062723c751e8b465ee728b)  -> (artifact id: '747c730675b332951c936cd764cd3e6d') in 0.044126 seconds 
  Import took 0.056277 seconds .

========================================================================
Received Import Request.
  Time since last request: 0.048619 seconds.
  path: Assets/Fonts/Thaleah_PixelFont/ThaleahFat.fontsettings
  artifactKey: Guid(652f7165b7c30ab46af6c4aad90a639b) Importer(815301076,1909f56bfc062723c751e8b465ee728b)
Start importing Assets/Fonts/Thaleah_PixelFont/ThaleahFat.fontsettings using Guid(652f7165b7c30ab46af6c4aad90a639b) Importer(815301076,1909f56bfc062723c751e8b465ee728b)  -> (artifact id: '1c537616541bfe125b15e4120b1d9277') in 0.034087 seconds 
  Import took 0.045829 seconds .

========================================================================
Received Import Request.
  Time since last request: 0.001669 seconds.
  path: Assets/Fonts/Thaleah_PixelFont/ThaleahFat.fontsettings
  artifactKey: Guid(652f7165b7c30ab46af6c4aad90a639b) Importer(815301076,1909f56bfc062723c751e8b465ee728b)
Start importing Assets/Fonts/Thaleah_PixelFont/ThaleahFat.fontsettings using Guid(652f7165b7c30ab46af6c4aad90a639b) Importer(815301076,1909f56bfc062723c751e8b465ee728b)  -> (artifact id: '1c537616541bfe125b15e4120b1d9277') in 0.013262 seconds 
  Import took 0.026248 seconds .

========================================================================
Received Import Request.
  Time since last request: 20.697428 seconds.
  path: Assets/Backgrounds
  artifactKey: Guid(e80ef986c6e1e024b824acddcb5b90ba) Importer(815301076,1909f56bfc062723c751e8b465ee728b)
Start importing Assets/Backgrounds using Guid(e80ef986c6e1e024b824acddcb5b90ba) Importer(815301076,1909f56bfc062723c751e8b465ee728b)  -> (artifact id: 'c3fcc2faee27202018ecb3f04b940b1e') in 0.016723 seconds 
  Import took 0.023872 seconds .

========================================================================
Received Import Request.
  Time since last request: 0.004577 seconds.
  path: Assets/Backgrounds
  artifactKey: Guid(e80ef986c6e1e024b824acddcb5b90ba) Importer(815301076,1909f56bfc062723c751e8b465ee728b)
Start importing Assets/Backgrounds using Guid(e80ef986c6e1e024b824acddcb5b90ba) Importer(815301076,1909f56bfc062723c751e8b465ee728b)  -> (artifact id: 'c3fcc2faee27202018ecb3f04b940b1e') in 0.004841 seconds 
  Import took 0.013623 seconds .

AssetImportWorkerClient::OnTransportError - code=2 error=End of file
